make all --print-data-base --no-builtin-variables --no-builtin-rules --question
make: *** No rule to make target 'all'.  Stop.

# GNU Make 4.3
# Built for x86_64-redhat-linux-gnu
# Copyright (C) 1988-2020 Free Software Foundation, Inc.
# License GPLv3+: GNU GPL version 3 or later <http://gnu.org/licenses/gpl.html>
# This is free software: you are free to change and redistribute it.
# There is NO WARRANTY, to the extent permitted by law.

# Make data base, printed on Fri Jul 15 00:26:16 2022

# Variables

# environment
GDK_BACKEND = x11
# environment
LC_ALL = C
# environment
NO_AT_BRIDGE = 1
# environment
GJS_DEBUG_OUTPUT = stderr
# environment
VSCODE_IPC_HOOK_EXTHOST = /run/user/1000/vscode-ipc-39b8b5c7-7da2-42e2-8051-df13befcbd44.sock
# makefile (from 'makefile', line 5)
SRC_DIR := src
# environment
VSCODE_CWD = /home/david
# environment
WINDOWPATH = 2
# makefile (from 'makefile', line 1)
BUILD_FILE := template
# environment
GDM_LANG = en_CA.UTF-8
# default
MAKE_COMMAND := make
# environment
define BASH_FUNC_which%%
() {  ( alias;
 eval ${which_declare} ) | /usr/bin/which --tty-only --read-alias --read-functions --show-tilde --show-dot "$@"
}
endef
# automatic
@D = $(patsubst %/,%,$(dir $@))
# makefile (from 'makefile', line 6)
OBJ_DIR := obj
# environment
VSCODE_HANDLES_UNCAUGHT_ERRORS = true
# makefile (from 'makefile', line 40)
INC_FLAGS := -Isrc
# default
.VARIABLES := 
# environment
PWD = /home/david/workspace/git/attiny88-gcc-template
# automatic
%D = $(patsubst %/,%,$(dir $%))
# environment
HOSTNAME = rhel-pc01.lan
# environment
MAIL = /var/spool/mail/david
# environment
XDG_DATA_DIRS = /home/david/.local/share/flatpak/exports/share:/var/lib/flatpak/exports/share:/usr/local/share/:/usr/share/:/var/lib/snapd/desktop
# automatic
^D = $(patsubst %/,%,$(dir $^))
# environment
VSCODE_LOG_STACK = false
# automatic
%F = $(notdir $%)
# environment
VSCODE_CODE_CACHE_PATH = /home/david/.config/Code/CachedData/30d9c6cd9483b2cc586687151bcbcd635f373630
# makefile (from 'makefile', line 9)
CC_HOME := 
# environment
LANG = C
# environment
XAUTHORITY = /run/user/1000/gdm/Xauthority
# default
.LOADED := 
# default
.INCLUDE_DIRS = /usr/include /usr/local/include /usr/include
# makefile
MAKEFLAGS = pqrR
# makefile
CURDIR := /home/david/workspace/git/attiny88-gcc-template
# environment
VSCODE_PIPE_LOGGING = true
# environment
APPLICATION_INSIGHTS_NO_DIAGNOSTIC_CHANNEL = 1
# environment
LESSOPEN = ||/usr/bin/lesspipe.sh %s
# makefile (from 'makefile', line 36)
SRCS := src/main.c
# automatic
*D = $(patsubst %/,%,$(dir $*))
# makefile (from 'makefile', line 31)
CC_OPT = -O3 -std=gnu99 -Wall -mmcu=$(BUILD_TARGET) -g0
# environment
MFLAGS = -pqrR
# environment
SSH_AUTH_SOCK = /run/user/1000/keyring/ssh
# default
.SHELLFLAGS := -c
# environment
HISTSIZE = 1000
# automatic
+D = $(patsubst %/,%,$(dir $+))
# environment
XDG_SESSION_DESKTOP = gnome-xorg
# makefile (from 'obj/src/main.c.d', line 1)
MAKEFILE_LIST := makefile obj/src/main.c.d
# automatic
@F = $(notdir $@)
# environment
VSCODE_VERBOSE_LOGGING = true
# environment
VSCODE_PID = 573671
# environment
XDG_SESSION_TYPE = x11
# automatic
?D = $(patsubst %/,%,$(dir $?))
# environment
SESSION_MANAGER = local/unix:@/tmp/.ICE-unix/3302,unix/unix:/tmp/.ICE-unix/3302
# automatic
*F = $(notdir $*)
# environment
CHROME_DESKTOP = code-url-handler.desktop
# environment
DBUS_SESSION_BUS_ADDRESS = unix:path=/run/user/1000/bus
# automatic
<D = $(patsubst %/,%,$(dir $<))
# environment
VSCODE_NLS_CONFIG = {"locale":"en-gb","availableLanguages":{},"_languagePackSupport":true}
# makefile (from 'makefile', line 19)
CC_DEF = -DTARGET_AVR
# default
MAKE_HOST := x86_64-redhat-linux-gnu
# makefile (from 'makefile', line 37)
OBJS := obj/src/main.c.o
# makefile
SHELL = /bin/sh
# makefile (from 'makefile', line 24)
BUILD_TARGET := attiny88
# default
MAKECMDGOALS := all
# environment
XMODIFIERS = @im=ibus
# environment
GJS_DEBUG_TOPICS = JS ERROR;JS LOG
# environment
SHLVL = 0
# environment
MAKELEVEL := 0
# makefile (from 'makefile', line 14)
OBJDUMP := avr-objdump
# makefile (from 'makefile', line 22)
CC_OPT_FINAL := 
# default
MAKE = $(MAKE_COMMAND)
# environment
PATH = /home/david/.local/bin:/home/david/bin:/home/david/.cargo/bin:/usr/local/bin:/usr/local/sbin:/usr/bin:/usr/sbin:/var/lib/snapd/snap/bin
# default
MAKEFILES := 
# automatic
^F = $(notdir $^)
# makefile (from 'makefile', line 10)
CC_NAME := avr-
# environment
INVOCATION_ID = 1efaa417139c4747b898b3927ad02b50
# makefile (from 'makefile', line 15)
OBJCPY := avr-objcopy
# environment
VSCODE_LOG_NATIVE = false
# environment
USERNAME = david
# makefile (from 'makefile', line 16)
SIZE := avr-size
# automatic
?F = $(notdir $?)
# environment
XDG_CURRENT_DESKTOP = GNOME
# automatic
+F = $(notdir $+)
# environment
DESKTOP_SESSION = gnome-xorg
# environment
ORIGINAL_XDG_CURRENT_DESKTOP = GNOME
# 'override' directive
GNUMAKEFLAGS := 
# environment
LOGNAME = david
# makefile (from 'makefile', line 41)
CPPFLAGS := -Isrc -MMD -MP
# environment
GIO_LAUNCHED_DESKTOP_FILE = /usr/share/applications/code.desktop
# makefile
.DEFAULT_GOAL := bin/template-attiny88.elf
# environment
SYSTEMD_EXEC_PID = 3335
# environment
HISTCONTROL = ignoredups
# environment
DISPLAY = :0
# environment
USER = david
# default
MAKE_VERSION := 4.3
# 'override' directive
.SHELLSTATUS := 0
# environment
MANAGERPID = 2669
# environment
which_declare = declare -f
# environment
GIO_LAUNCHED_DESKTOP_FILE_PID = 573671
# makefile (from 'makefile', line 2)
BUILD_EXT := elf
# environment
_ = /usr/bin/make
# environment
XDG_RUNTIME_DIR = /run/user/1000
# environment
JOURNAL_STREAM = 8:52403
# environment
XDG_SESSION_CLASS = user
# environment
VSCODE_AMD_ENTRYPOINT = vs/workbench/api/node/extensionHostProcess
# environment
HOME = /home/david
# environment
QT_IM_MODULE = ibus
# makefile (from 'makefile', line 20)
CXX_DEF = -DTARGET_AVR
# makefile (from 'makefile', line 7)
BIN_DIR := bin
# environment
ELECTRON_RUN_AS_NODE = 1
# environment
VSCODE_IPC_HOOK = /run/user/1000/vscode-10a394bb-1.68.1-main.sock
# makefile (from 'makefile', line 39)
INC_DIRS := src
# default
.RECIPEPREFIX := 
# automatic
<F = $(notdir $<)
# makefile (from 'makefile', line 38)
DEPS := obj/src/main.c.d
# default
SUFFIXES := 
# makefile (from 'makefile', line 18)
LIB_DIR := lib
# default
.FEATURES := target-specific order-only second-expansion else-if shortest-stem undefine oneshell nocomment grouped-target extra-prereqs archives jobserver output-sync check-symlink load
# makefile (from 'makefile', line 13)
CXX := avr-g++
# makefile (from 'makefile', line 12)
CC := avr-gcc
# makefile (from 'makefile', line 23)
CXX_OPT = -O3
# makefile (from 'makefile', line 25)
SIZE_OPT := --format=avr --mcu=attiny88
# environment
XDG_MENU_PREFIX = gnome-
# environment
GDMSESSION = gnome-xorg
# variable set hash-table stats:
# Load=123/1024=12%, Rehash=0, Collisions=16/196=8%

# Pattern-specific Variable Values

# No pattern-specific variable values.

# Directories

# . (device 64770, inode 542313684): 13 files, no impossibilities.

# 13 files, no impossibilities in 1 directories.

# Implicit Rules

obj/%.c.o: %.c
#  recipe to execute (from 'makefile', line 55):
	mkdir -p $(dir $@)
	$(CC) -Wall $(CPPFLAGS) $(CC_OPT) $(CC_DEF) -c $< -o $@ 

obj/%.cpp.o: %.cpp
#  recipe to execute (from 'makefile', line 60):
	mkdir -p $(dir $@)
	$(CXX) -Wall $(CPPFLAGS) $(CXX_OPT) $(CXX_DEF) -c $< -o $@

 
# 2 implicit rules, 0 (0.0%) terminal.
# Files

clean:
#  Phony target (prerequisite of .PHONY).
#  Implicit rule search has not been done.
#  File does not exist.
#  File has not been updated.
#  recipe to execute (from 'makefile', line 65):
	rm -rf $(OBJ_DIR)/*

dist-clean:
#  Phony target (prerequisite of .PHONY).
#  Implicit rule search has not been done.
#  File does not exist.
#  File has not been updated.
#  recipe to execute (from 'makefile', line 69):
	rm -rf $(OBJ_DIR)/*
	rm -rf $(BIN_DIR)/*

# Not a target:
src/main.c:
#  Implicit rule search has not been done.
#  Modification time never checked.
#  File has not been updated.

bin/template-attiny88.elf: obj/src/main.c.o
#  Implicit rule search has not been done.
#  Modification time never checked.
#  File has not been updated.
#  recipe to execute (from 'makefile', line 45):
	$(CC) -Wall $(OBJS) $(CC_OPT) $(CC_DEF) -o  $@ $(LDFLAGS)
	$(OBJDUMP) -S $(BIN_DIR)/$(BUILD_FILE)-$(BUILD_TARGET).$(BUILD_EXT) > $(BIN_DIR)/$(BUILD_FILE)-$(BUILD_TARGET)-list.txt
	$(SIZE) $@ $(SIZE_OPT) > $(BIN_DIR)/$(BUILD_FILE)-$(BUILD_TARGET)-map.txt
	$(OBJDUMP) -x $(BIN_DIR)/$(BUILD_FILE)-$(BUILD_TARGET).$(BUILD_EXT) >> $(BIN_DIR)/$(BUILD_FILE)-$(BUILD_TARGET)-map.txt
	$(OBJCPY) -O binary $@ $(BIN_DIR)/$(BUILD_FILE)-$(BUILD_TARGET).$(BUILD_EXT).bin
	$(OBJCPY) -j .text -j .data -O ihex $@ $(BIN_DIR)/$(BUILD_FILE)-$(BUILD_TARGET).$(BUILD_EXT).hex
	$(SIZE) $@ $(SIZE_OPT)

obj/src/main.c.o: src/main.c
#  Implicit rule search has not been done.
#  Modification time never checked.
#  File has not been updated.

# Not a target:
.DEFAULT:
#  Implicit rule search has not been done.
#  Modification time never checked.
#  File has not been updated.

# Not a target:
all:
#  Command line target.
#  Implicit rule search has been done.
#  File does not exist.
#  File has not been updated.

# Not a target:
obj/src/main.c.d:
#  Implicit rule search has been done.
#  Last modified 2022-07-15 00:20:49.113088
#  File has been updated.
#  Successfully updated.

# Not a target:
makefile:
#  Implicit rule search has been done.
#  Last modified 2022-07-01 10:12:19.469598
#  File has been updated.
#  Successfully updated.

.PHONY: clean dist-clean
#  Implicit rule search has not been done.
#  Modification time never checked.
#  File has not been updated.

# files hash-table stats:
# Load=11/1024=1%, Rehash=0, Collisions=0/30=0%
# VPATH Search Paths

# No 'vpath' search paths.

# No general ('VPATH' variable) search path.

# strcache buffers: 1 (0) / strings = 29 / storage = 256 B / avg = 8 B
# current buf: size = 8162 B / used = 256 B / count = 29 / avg = 8 B

# strcache performance: lookups = 44 / hit rate = 34%
# hash-table stats:
# Load=29/8192=0%, Rehash=0, Collisions=0/44=0%
# Finished Make data base on Fri Jul 15 00:26:16 2022

 
